1590754139841	mozrunner::runner	INFO	Running command: "C:\\Program Files\\Mozilla Firefox\\firefox.exe" "-marionette" "-foreground" "-no-remote" "-profile" "C:\\Users\\mfurk\\AppData\\Local\\Temp\\rust_mozprofile.HzPzteYLV2eI"
1590754143259	addons.webextension.doh-rollout@mozilla.org	WARN	Loading extension 'doh-rollout@mozilla.org': Reading manifest: Invalid extension permission: networkStatus
1590754143447	addons.webextension.screenshots@mozilla.org	WARN	Loading extension 'screenshots@mozilla.org': Reading manifest: Invalid extension permission: mozillaAddons
1590754143447	addons.webextension.screenshots@mozilla.org	WARN	Loading extension 'screenshots@mozilla.org': Reading manifest: Invalid extension permission: telemetry
1590754143448	addons.webextension.screenshots@mozilla.org	WARN	Loading extension 'screenshots@mozilla.org': Reading manifest: Invalid extension permission: resource://pdf.js/
1590754143448	addons.webextension.screenshots@mozilla.org	WARN	Loading extension 'screenshots@mozilla.org': Reading manifest: Invalid extension permission: about:reader*
JavaScript error: resource://gre/modules/XULStore.jsm, line 66: Error: Can't find profile directory.
1590754149538	Marionette	INFO	Listening on port 63526
1590754151773	Marionette	WARN	TLS certificate errors will be ignored for this session
JavaScript warning: https://web.whatsapp.com/app.b1e795d21c1883a464b8.js, line 1: unreachable code after return statement
JavaScript warning: https://web.whatsapp.com/app.b1e795d21c1883a464b8.js, line 1: unreachable code after return statement
1590754164710	Marionette	INFO	Stopped listening on port 63526

###!!! [Child][RunMessage] Error: Channel closing: too late to send/recv, messages will be lost


###!!! [Child][MessageChannel::SendAndWait] Error: Channel error: cannot send/recv

1590754264673	mozrunner::runner	INFO	Running command: "C:\\Program Files\\Mozilla Firefox\\firefox.exe" "-marionette" "-headless" "-foreground" "-no-remote" "-profile" "C:\\Users\\mfurk\\AppData\\Local\\Temp\\rust_mozprofile.Vl7dfBwuTaBU"
*** You are running in headless mode.
1590754265419	addons.webextension.doh-rollout@mozilla.org	WARN	Loading extension 'doh-rollout@mozilla.org': Reading manifest: Invalid extension permission: networkStatus
1590754265690	addons.webextension.screenshots@mozilla.org	WARN	Loading extension 'screenshots@mozilla.org': Reading manifest: Invalid extension permission: mozillaAddons
1590754265690	addons.webextension.screenshots@mozilla.org	WARN	Loading extension 'screenshots@mozilla.org': Reading manifest: Invalid extension permission: telemetry
1590754265690	addons.webextension.screenshots@mozilla.org	WARN	Loading extension 'screenshots@mozilla.org': Reading manifest: Invalid extension permission: resource://pdf.js/
1590754265690	addons.webextension.screenshots@mozilla.org	WARN	Loading extension 'screenshots@mozilla.org': Reading manifest: Invalid extension permission: about:reader*
JavaScript error: resource://gre/modules/XULStore.jsm, line 66: Error: Can't find profile directory.
1590754268303	Marionette	INFO	Listening on port 63570
1590754268785	Marionette	WARN	TLS certificate errors will be ignored for this session
JavaScript warning: https://web.whatsapp.com/app.b1e795d21c1883a464b8.js, line 1: unreachable code after return statement
JavaScript warning: https://web.whatsapp.com/app.b1e795d21c1883a464b8.js, line 1: unreachable code after return statement
1590754280882	Marionette	INFO	Stopped listening on port 63570
1590754425373	mozrunner::runner	INFO	Running command: "C:\\Program Files\\Mozilla Firefox\\firefox.exe" "-marionette" "-headless" "-foreground" "-no-remote" "-profile" "C:\\Users\\mfurk\\AppData\\Local\\Temp\\rust_mozprofile.hjl9SYycu5si"
*** You are running in headless mode.
1590754425901	addons.webextension.doh-rollout@mozilla.org	WARN	Loading extension 'doh-rollout@mozilla.org': Reading manifest: Invalid extension permission: networkStatus
1590754425980	addons.webextension.screenshots@mozilla.org	WARN	Loading extension 'screenshots@mozilla.org': Reading manifest: Invalid extension permission: mozillaAddons
1590754425980	addons.webextension.screenshots@mozilla.org	WARN	Loading extension 'screenshots@mozilla.org': Reading manifest: Invalid extension permission: telemetry
1590754425980	addons.webextension.screenshots@mozilla.org	WARN	Loading extension 'screenshots@mozilla.org': Reading manifest: Invalid extension permission: resource://pdf.js/
1590754425981	addons.webextension.screenshots@mozilla.org	WARN	Loading extension 'screenshots@mozilla.org': Reading manifest: Invalid extension permission: about:reader*
JavaScript error: resource://gre/modules/XULStore.jsm, line 66: Error: Can't find profile directory.
1590754428131	Marionette	INFO	Listening on port 63615
1590754428485	Marionette	WARN	TLS certificate errors will be ignored for this session
JavaScript warning: https://web.whatsapp.com/app.b1e795d21c1883a464b8.js, line 1: unreachable code after return statement
JavaScript warning: https://web.whatsapp.com/app.b1e795d21c1883a464b8.js, line 1: unreachable code after return statement
1590754435669	Marionette	INFO	Stopped listening on port 63615
1590754609351	mozrunner::runner	INFO	Running command: "C:\\Program Files\\Mozilla Firefox\\firefox.exe" "-marionette" "-headless" "-foreground" "-no-remote" "-profile" "C:\\Users\\mfurk\\AppData\\Local\\Temp\\rust_mozprofile.SZC7SNcbEasr"
*** You are running in headless mode.
1590754609962	addons.webextension.doh-rollout@mozilla.org	WARN	Loading extension 'doh-rollout@mozilla.org': Reading manifest: Invalid extension permission: networkStatus
1590754610050	addons.webextension.screenshots@mozilla.org	WARN	Loading extension 'screenshots@mozilla.org': Reading manifest: Invalid extension permission: mozillaAddons
1590754610050	addons.webextension.screenshots@mozilla.org	WARN	Loading extension 'screenshots@mozilla.org': Reading manifest: Invalid extension permission: telemetry
1590754610050	addons.webextension.screenshots@mozilla.org	WARN	Loading extension 'screenshots@mozilla.org': Reading manifest: Invalid extension permission: resource://pdf.js/
1590754610050	addons.webextension.screenshots@mozilla.org	WARN	Loading extension 'screenshots@mozilla.org': Reading manifest: Invalid extension permission: about:reader*
JavaScript error: resource://gre/modules/XULStore.jsm, line 66: Error: Can't find profile directory.
1590754612742	Marionette	INFO	Listening on port 63659
1590754612961	Marionette	WARN	TLS certificate errors will be ignored for this session
JavaScript warning: https://web.whatsapp.com/app.b1e795d21c1883a464b8.js, line 1: unreachable code after return statement
JavaScript warning: https://web.whatsapp.com/app.b1e795d21c1883a464b8.js, line 1: unreachable code after return statement
1590754620560	Marionette	INFO	Stopped listening on port 63659
1590754667533	mozrunner::runner	INFO	Running command: "C:\\Program Files\\Mozilla Firefox\\firefox.exe" "-marionette" "-headless" "-foreground" "-no-remote" "-profile" "C:\\Users\\mfurk\\AppData\\Local\\Temp\\rust_mozprofile.4CZltbtHB5RK"
*** You are running in headless mode.
1590754668320	addons.webextension.doh-rollout@mozilla.org	WARN	Loading extension 'doh-rollout@mozilla.org': Reading manifest: Invalid extension permission: networkStatus
1590754668421	addons.webextension.screenshots@mozilla.org	WARN	Loading extension 'screenshots@mozilla.org': Reading manifest: Invalid extension permission: mozillaAddons
1590754668421	addons.webextension.screenshots@mozilla.org	WARN	Loading extension 'screenshots@mozilla.org': Reading manifest: Invalid extension permission: telemetry
1590754668421	addons.webextension.screenshots@mozilla.org	WARN	Loading extension 'screenshots@mozilla.org': Reading manifest: Invalid extension permission: resource://pdf.js/
1590754668422	addons.webextension.screenshots@mozilla.org	WARN	Loading extension 'screenshots@mozilla.org': Reading manifest: Invalid extension permission: about:reader*
JavaScript error: resource://gre/modules/XULStore.jsm, line 66: Error: Can't find profile directory.
1590754670230	Marionette	INFO	Listening on port 63696
1590754670646	Marionette	WARN	TLS certificate errors will be ignored for this session
JavaScript warning: https://web.whatsapp.com/app.b1e795d21c1883a464b8.js, line 1: unreachable code after return statement
JavaScript warning: https://web.whatsapp.com/app.b1e795d21c1883a464b8.js, line 1: unreachable code after return statement
1590754678262	Marionette	INFO	Stopped listening on port 63696
1590754754824	mozrunner::runner	INFO	Running command: "C:\\Program Files\\Mozilla Firefox\\firefox.exe" "-marionette" "-headless" "-foreground" "-no-remote" "-profile" "C:\\Users\\mfurk\\AppData\\Local\\Temp\\rust_mozprofile.8XdYqZ80HKJQ"
*** You are running in headless mode.
1590754755400	addons.webextension.doh-rollout@mozilla.org	WARN	Loading extension 'doh-rollout@mozilla.org': Reading manifest: Invalid extension permission: networkStatus
1590754755481	addons.webextension.screenshots@mozilla.org	WARN	Loading extension 'screenshots@mozilla.org': Reading manifest: Invalid extension permission: mozillaAddons
1590754755481	addons.webextension.screenshots@mozilla.org	WARN	Loading extension 'screenshots@mozilla.org': Reading manifest: Invalid extension permission: telemetry
1590754755481	addons.webextension.screenshots@mozilla.org	WARN	Loading extension 'screenshots@mozilla.org': Reading manifest: Invalid extension permission: resource://pdf.js/
1590754755481	addons.webextension.screenshots@mozilla.org	WARN	Loading extension 'screenshots@mozilla.org': Reading manifest: Invalid extension permission: about:reader*
JavaScript error: resource://gre/modules/XULStore.jsm, line 66: Error: Can't find profile directory.
1590754757153	Marionette	INFO	Listening on port 63731
1590754757436	Marionette	WARN	TLS certificate errors will be ignored for this session
JavaScript warning: https://web.whatsapp.com/app.b1e795d21c1883a464b8.js, line 1: unreachable code after return statement
JavaScript warning: https://web.whatsapp.com/app.b1e795d21c1883a464b8.js, line 1: unreachable code after return statement
1590754764756	Marionette	INFO	Stopped listening on port 63731
1590754812054	mozrunner::runner	INFO	Running command: "C:\\Program Files\\Mozilla Firefox\\firefox.exe" "-marionette" "-headless" "-foreground" "-no-remote" "-profile" "C:\\Users\\mfurk\\AppData\\Local\\Temp\\rust_mozprofile.kfMC6A6qV8Vx"
*** You are running in headless mode.
1590754812765	addons.webextension.doh-rollout@mozilla.org	WARN	Loading extension 'doh-rollout@mozilla.org': Reading manifest: Invalid extension permission: networkStatus
1590754812848	addons.webextension.screenshots@mozilla.org	WARN	Loading extension 'screenshots@mozilla.org': Reading manifest: Invalid extension permission: mozillaAddons
1590754812849	addons.webextension.screenshots@mozilla.org	WARN	Loading extension 'screenshots@mozilla.org': Reading manifest: Invalid extension permission: telemetry
1590754812849	addons.webextension.screenshots@mozilla.org	WARN	Loading extension 'screenshots@mozilla.org': Reading manifest: Invalid extension permission: resource://pdf.js/
1590754812849	addons.webextension.screenshots@mozilla.org	WARN	Loading extension 'screenshots@mozilla.org': Reading manifest: Invalid extension permission: about:reader*
JavaScript error: resource://gre/modules/XULStore.jsm, line 66: Error: Can't find profile directory.
1590754815365	Marionette	INFO	Listening on port 63765
1590754815685	Marionette	WARN	TLS certificate errors will be ignored for this session
JavaScript warning: https://web.whatsapp.com/app.b1e795d21c1883a464b8.js, line 1: unreachable code after return statement
JavaScript warning: https://web.whatsapp.com/app.b1e795d21c1883a464b8.js, line 1: unreachable code after return statement
1590754823255	Marionette	INFO	Stopped listening on port 63765
1590754848016	mozrunner::runner	INFO	Running command: "C:\\Program Files\\Mozilla Firefox\\firefox.exe" "-marionette" "-headless" "-foreground" "-no-remote" "-profile" "C:\\Users\\mfurk\\AppData\\Local\\Temp\\rust_mozprofile.xHD2rXUXrgG4"
*** You are running in headless mode.
1590754848639	addons.webextension.doh-rollout@mozilla.org	WARN	Loading extension 'doh-rollout@mozilla.org': Reading manifest: Invalid extension permission: networkStatus
1590754848725	addons.webextension.screenshots@mozilla.org	WARN	Loading extension 'screenshots@mozilla.org': Reading manifest: Invalid extension permission: mozillaAddons
1590754848725	addons.webextension.screenshots@mozilla.org	WARN	Loading extension 'screenshots@mozilla.org': Reading manifest: Invalid extension permission: telemetry
1590754848725	addons.webextension.screenshots@mozilla.org	WARN	Loading extension 'screenshots@mozilla.org': Reading manifest: Invalid extension permission: resource://pdf.js/
1590754848725	addons.webextension.screenshots@mozilla.org	WARN	Loading extension 'screenshots@mozilla.org': Reading manifest: Invalid extension permission: about:reader*
JavaScript error: resource://gre/modules/XULStore.jsm, line 66: Error: Can't find profile directory.
1590754850621	Marionette	INFO	Listening on port 63801
1590754850632	Marionette	WARN	TLS certificate errors will be ignored for this session
JavaScript warning: https://web.whatsapp.com/app.b1e795d21c1883a464b8.js, line 1: unreachable code after return statement
JavaScript warning: https://web.whatsapp.com/app.b1e795d21c1883a464b8.js, line 1: unreachable code after return statement
1590754857994	Marionette	INFO	Stopped listening on port 63801
1590754898081	mozrunner::runner	INFO	Running command: "C:\\Program Files\\Mozilla Firefox\\firefox.exe" "-marionette" "-headless" "-foreground" "-no-remote" "-profile" "C:\\Users\\mfurk\\AppData\\Local\\Temp\\rust_mozprofile.6mA3tTc2d2YG"
*** You are running in headless mode.
1590754898681	addons.webextension.doh-rollout@mozilla.org	WARN	Loading extension 'doh-rollout@mozilla.org': Reading manifest: Invalid extension permission: networkStatus
1590754898765	addons.webextension.screenshots@mozilla.org	WARN	Loading extension 'screenshots@mozilla.org': Reading manifest: Invalid extension permission: mozillaAddons
1590754898765	addons.webextension.screenshots@mozilla.org	WARN	Loading extension 'screenshots@mozilla.org': Reading manifest: Invalid extension permission: telemetry
1590754898766	addons.webextension.screenshots@mozilla.org	WARN	Loading extension 'screenshots@mozilla.org': Reading manifest: Invalid extension permission: resource://pdf.js/
1590754898766	addons.webextension.screenshots@mozilla.org	WARN	Loading extension 'screenshots@mozilla.org': Reading manifest: Invalid extension permission: about:reader*
JavaScript error: resource://gre/modules/XULStore.jsm, line 66: Error: Can't find profile directory.
1590754900493	Marionette	INFO	Listening on port 63836
1590754900702	Marionette	WARN	TLS certificate errors will be ignored for this session
JavaScript warning: https://web.whatsapp.com/app.b1e795d21c1883a464b8.js, line 1: unreachable code after return statement
JavaScript warning: https://web.whatsapp.com/app.b1e795d21c1883a464b8.js, line 1: unreachable code after return statement
1590754908804	Marionette	INFO	Stopped listening on port 63836
1590754960864	mozrunner::runner	INFO	Running command: "C:\\Program Files\\Mozilla Firefox\\firefox.exe" "-marionette" "-headless" "-foreground" "-no-remote" "-profile" "C:\\Users\\mfurk\\AppData\\Local\\Temp\\rust_mozprofile.izIaCDyfp4in"
*** You are running in headless mode.
1590754961436	addons.webextension.doh-rollout@mozilla.org	WARN	Loading extension 'doh-rollout@mozilla.org': Reading manifest: Invalid extension permission: networkStatus
1590754961519	addons.webextension.screenshots@mozilla.org	WARN	Loading extension 'screenshots@mozilla.org': Reading manifest: Invalid extension permission: mozillaAddons
1590754961519	addons.webextension.screenshots@mozilla.org	WARN	Loading extension 'screenshots@mozilla.org': Reading manifest: Invalid extension permission: telemetry
1590754961519	addons.webextension.screenshots@mozilla.org	WARN	Loading extension 'screenshots@mozilla.org': Reading manifest: Invalid extension permission: resource://pdf.js/
1590754961519	addons.webextension.screenshots@mozilla.org	WARN	Loading extension 'screenshots@mozilla.org': Reading manifest: Invalid extension permission: about:reader*
JavaScript error: resource://gre/modules/XULStore.jsm, line 66: Error: Can't find profile directory.
1590754963741	Marionette	INFO	Listening on port 63874
1590754963976	Marionette	WARN	TLS certificate errors will be ignored for this session
JavaScript warning: https://web.whatsapp.com/app.b1e795d21c1883a464b8.js, line 1: unreachable code after return statement
JavaScript warning: https://web.whatsapp.com/app.b1e795d21c1883a464b8.js, line 1: unreachable code after return statement
1590754971117	Marionette	INFO	Stopped listening on port 63874
1590755192700	mozrunner::runner	INFO	Running command: "C:\\Program Files\\Mozilla Firefox\\firefox.exe" "-marionette" "-headless" "-foreground" "-no-remote" "-profile" "C:\\Users\\mfurk\\AppData\\Local\\Temp\\rust_mozprofile.BpapPoUG1nMV"
*** You are running in headless mode.
1590755193257	addons.webextension.doh-rollout@mozilla.org	WARN	Loading extension 'doh-rollout@mozilla.org': Reading manifest: Invalid extension permission: networkStatus
1590755193344	addons.webextension.screenshots@mozilla.org	WARN	Loading extension 'screenshots@mozilla.org': Reading manifest: Invalid extension permission: mozillaAddons
1590755193344	addons.webextension.screenshots@mozilla.org	WARN	Loading extension 'screenshots@mozilla.org': Reading manifest: Invalid extension permission: telemetry
1590755193344	addons.webextension.screenshots@mozilla.org	WARN	Loading extension 'screenshots@mozilla.org': Reading manifest: Invalid extension permission: resource://pdf.js/
1590755193344	addons.webextension.screenshots@mozilla.org	WARN	Loading extension 'screenshots@mozilla.org': Reading manifest: Invalid extension permission: about:reader*
JavaScript error: resource://gre/modules/XULStore.jsm, line 66: Error: Can't find profile directory.
1590755195754	Marionette	INFO	Listening on port 63954
1590755195818	Marionette	WARN	TLS certificate errors will be ignored for this session
JavaScript warning: https://web.whatsapp.com/app.b1e795d21c1883a464b8.js, line 1: unreachable code after return statement
JavaScript warning: https://web.whatsapp.com/app.b1e795d21c1883a464b8.js, line 1: unreachable code after return statement
1590755203319	Marionette	INFO	Stopped listening on port 63954
1590755327675	mozrunner::runner	INFO	Running command: "C:\\Program Files\\Mozilla Firefox\\firefox.exe" "-marionette" "-headless" "-foreground" "-no-remote" "-profile" "C:\\Users\\mfurk\\AppData\\Local\\Temp\\rust_mozprofile.zpNUGKfWWlqN"
*** You are running in headless mode.
1590755328333	addons.webextension.doh-rollout@mozilla.org	WARN	Loading extension 'doh-rollout@mozilla.org': Reading manifest: Invalid extension permission: networkStatus
1590755328422	addons.webextension.screenshots@mozilla.org	WARN	Loading extension 'screenshots@mozilla.org': Reading manifest: Invalid extension permission: mozillaAddons
1590755328422	addons.webextension.screenshots@mozilla.org	WARN	Loading extension 'screenshots@mozilla.org': Reading manifest: Invalid extension permission: telemetry
1590755328422	addons.webextension.screenshots@mozilla.org	WARN	Loading extension 'screenshots@mozilla.org': Reading manifest: Invalid extension permission: resource://pdf.js/
1590755328422	addons.webextension.screenshots@mozilla.org	WARN	Loading extension 'screenshots@mozilla.org': Reading manifest: Invalid extension permission: about:reader*
JavaScript error: resource://gre/modules/XULStore.jsm, line 66: Error: Can't find profile directory.
1590755330531	Marionette	INFO	Listening on port 63994
1590755330786	Marionette	WARN	TLS certificate errors will be ignored for this session
JavaScript warning: https://web.whatsapp.com/app.b1e795d21c1883a464b8.js, line 1: unreachable code after return statement
JavaScript warning: https://web.whatsapp.com/app.b1e795d21c1883a464b8.js, line 1: unreachable code after return statement
1590756035643	mozrunner::runner	INFO	Running command: "C:\\Program Files\\Mozilla Firefox\\firefox.exe" "-marionette" "-headless" "-foreground" "-no-remote" "-profile" "C:\\Users\\mfurk\\AppData\\Local\\Temp\\rust_mozprofile.HV11i78GdNGs"
*** You are running in headless mode.
1590756036363	addons.webextension.doh-rollout@mozilla.org	WARN	Loading extension 'doh-rollout@mozilla.org': Reading manifest: Invalid extension permission: networkStatus
1590756036450	addons.webextension.screenshots@mozilla.org	WARN	Loading extension 'screenshots@mozilla.org': Reading manifest: Invalid extension permission: mozillaAddons
1590756036450	addons.webextension.screenshots@mozilla.org	WARN	Loading extension 'screenshots@mozilla.org': Reading manifest: Invalid extension permission: telemetry
1590756036450	addons.webextension.screenshots@mozilla.org	WARN	Loading extension 'screenshots@mozilla.org': Reading manifest: Invalid extension permission: resource://pdf.js/
1590756036450	addons.webextension.screenshots@mozilla.org	WARN	Loading extension 'screenshots@mozilla.org': Reading manifest: Invalid extension permission: about:reader*
JavaScript error: resource://gre/modules/XULStore.jsm, line 66: Error: Can't find profile directory.
1590756038598	Marionette	INFO	Listening on port 64373
1590756038754	Marionette	WARN	TLS certificate errors will be ignored for this session
JavaScript warning: https://web.whatsapp.com/app.b1e795d21c1883a464b8.js, line 1: unreachable code after return statement
JavaScript warning: https://web.whatsapp.com/app.b1e795d21c1883a464b8.js, line 1: unreachable code after return statement
JavaScript warning: https://web.whatsapp.com/app.b1e795d21c1883a464b8.js, line 1: unreachable code after return statement
JavaScript warning: https://web.whatsapp.com/app.b1e795d21c1883a464b8.js, line 1: unreachable code after return statement
1590757270988	mozrunner::runner	INFO	Running command: "C:\\Program Files\\Mozilla Firefox\\firefox.exe" "-marionette" "-foreground" "-no-remote" "-profile" "C:\\Users\\mfurk\\AppData\\Local\\Temp\\rust_mozprofile.ZbIKuSRoRfM0"
1590757271628	addons.webextension.doh-rollout@mozilla.org	WARN	Loading extension 'doh-rollout@mozilla.org': Reading manifest: Invalid extension permission: networkStatus
1590757271711	addons.webextension.screenshots@mozilla.org	WARN	Loading extension 'screenshots@mozilla.org': Reading manifest: Invalid extension permission: mozillaAddons
1590757271711	addons.webextension.screenshots@mozilla.org	WARN	Loading extension 'screenshots@mozilla.org': Reading manifest: Invalid extension permission: telemetry
1590757271711	addons.webextension.screenshots@mozilla.org	WARN	Loading extension 'screenshots@mozilla.org': Reading manifest: Invalid extension permission: resource://pdf.js/
1590757271711	addons.webextension.screenshots@mozilla.org	WARN	Loading extension 'screenshots@mozilla.org': Reading manifest: Invalid extension permission: about:reader*
JavaScript error: resource://gre/modules/XULStore.jsm, line 66: Error: Can't find profile directory.
1590757274032	Marionette	INFO	Listening on port 64504
1590757274101	Marionette	WARN	TLS certificate errors will be ignored for this session
JavaScript warning: https://web.whatsapp.com/app.b1e795d21c1883a464b8.js, line 1: unreachable code after return statement
JavaScript warning: https://web.whatsapp.com/app.b1e795d21c1883a464b8.js, line 1: unreachable code after return statement
1590757295744	Marionette	INFO	Stopped listening on port 64504

###!!! [Child][RunMessage] Error: Channel closing: too late to send/recv, messages will be lost


###!!! [Child][MessageChannel::SendAndWait] Error: Channel error: cannot send/recv

1590757372746	mozrunner::runner	INFO	Running command: "C:\\Program Files\\Mozilla Firefox\\firefox.exe" "-marionette" "-headless" "-foreground" "-no-remote" "-profile" "C:\\Users\\mfurk\\AppData\\Local\\Temp\\rust_mozprofile.YQwv0WdXrqhK"
*** You are running in headless mode.
1590757373358	addons.webextension.doh-rollout@mozilla.org	WARN	Loading extension 'doh-rollout@mozilla.org': Reading manifest: Invalid extension permission: networkStatus
1590757373439	addons.webextension.screenshots@mozilla.org	WARN	Loading extension 'screenshots@mozilla.org': Reading manifest: Invalid extension permission: mozillaAddons
1590757373439	addons.webextension.screenshots@mozilla.org	WARN	Loading extension 'screenshots@mozilla.org': Reading manifest: Invalid extension permission: telemetry
1590757373440	addons.webextension.screenshots@mozilla.org	WARN	Loading extension 'screenshots@mozilla.org': Reading manifest: Invalid extension permission: resource://pdf.js/
1590757373440	addons.webextension.screenshots@mozilla.org	WARN	Loading extension 'screenshots@mozilla.org': Reading manifest: Invalid extension permission: about:reader*
JavaScript error: resource://gre/modules/XULStore.jsm, line 66: Error: Can't find profile directory.
1590757375640	Marionette	INFO	Listening on port 64547
1590757375856	Marionette	WARN	TLS certificate errors will be ignored for this session
JavaScript warning: https://web.whatsapp.com/app.b1e795d21c1883a464b8.js, line 1: unreachable code after return statement
JavaScript warning: https://web.whatsapp.com/app.b1e795d21c1883a464b8.js, line 1: unreachable code after return statement
IPDL protocol error: Handler returned error code!

###!!! [Parent][DispatchAsyncMessage] Error: PMessagePort::Msg_PostMessages Processing error: message was deserialized, but the handler returned false (indicating failure)

JavaScript warning: https://web.whatsapp.com/app.b1e795d21c1883a464b8.js, line 1: unreachable code after return statement
JavaScript warning: https://web.whatsapp.com/app.b1e795d21c1883a464b8.js, line 1: unreachable code after return statement
1590757468452	mozrunner::runner	INFO	Running command: "C:\\Program Files\\Mozilla Firefox\\firefox.exe" "-marionette" "-foreground" "-no-remote" "-profile" "C:\\Users\\mfurk\\AppData\\Local\\Temp\\rust_mozprofile.8iVaLAAnBDQY"
1590757469292	addons.webextension.doh-rollout@mozilla.org	WARN	Loading extension 'doh-rollout@mozilla.org': Reading manifest: Invalid extension permission: networkStatus
1590757469392	addons.webextension.screenshots@mozilla.org	WARN	Loading extension 'screenshots@mozilla.org': Reading manifest: Invalid extension permission: mozillaAddons
1590757469392	addons.webextension.screenshots@mozilla.org	WARN	Loading extension 'screenshots@mozilla.org': Reading manifest: Invalid extension permission: telemetry
1590757469392	addons.webextension.screenshots@mozilla.org	WARN	Loading extension 'screenshots@mozilla.org': Reading manifest: Invalid extension permission: resource://pdf.js/
1590757469392	addons.webextension.screenshots@mozilla.org	WARN	Loading extension 'screenshots@mozilla.org': Reading manifest: Invalid extension permission: about:reader*
JavaScript error: resource://gre/modules/XULStore.jsm, line 66: Error: Can't find profile directory.
1590757471961	Marionette	INFO	Listening on port 64593
1590757472069	Marionette	WARN	TLS certificate errors will be ignored for this session
JavaScript warning: https://web.whatsapp.com/app.b1e795d21c1883a464b8.js, line 1: unreachable code after return statement
JavaScript warning: https://web.whatsapp.com/app.b1e795d21c1883a464b8.js, line 1: unreachable code after return statement
IPDL protocol error: Handler returned error code!

###!!! [Parent][DispatchAsyncMessage] Error: PMessagePort::Msg_PostMessages Processing error: message was deserialized, but the handler returned false (indicating failure)

JavaScript warning: https://web.whatsapp.com/app.b1e795d21c1883a464b8.js, line 1: unreachable code after return statement
JavaScript warning: https://web.whatsapp.com/app.b1e795d21c1883a464b8.js, line 1: unreachable code after return statement
[Parent 15056, Gecko_IOThread] WARNING: file z:/task_1579288126/build/src/ipc/chromium/src/base/process_util_win.cc, line 160
1590757652965	Marionette	INFO	Stopped listening on port 64593

###!!! [Child][RunMessage] Error: Channel closing: too late to send/recv, messages will be lost


###!!! [Child][MessageChannel::SendAndWait] Error: Channel error: cannot send/recv

on: networkStatus
1590757597875	addons.webextension.screenshots@mozilla.org	WARN	Loading extension 'screenshots@mozilla.org': Reading manifest: Invalid extension permission: mozillaAddons
1590757597875	addons.webextension.screenshots@mozilla.org	WARN	Loading extension 'screenshots@mozilla.org': Reading manifest: Invalid extension permission: telemetry
1590757597875	addons.webextension.screenshots@mozilla.org	WARN	Loading extension 'screenshots@mozilla.org': Reading manifest: Invalid extension permission: resource://pdf.js/
1590757597875	addons.webextension.screenshots@mozilla.org	WARN	Loading extension 'screenshots@mozilla.org': Reading manifest: Invalid extension permission: about:reader*
JavaScript error: resource://gre/modules/XULStore.jsm, line 66: Error: Can't find profile directory.
1590757600576	Marionette	INFO	Listening on port 64644
1590757600788	Marionette	WARN	TLS certificate errors will be ignored for this session
JavaScript warning: https://web.whatsapp.com/app.b1e795d21c1883a464b8.js, line 1: unreachable code after return statement
JavaScript warning: https://web.whatsapp.com/app.b1e795d21c1883a464b8.js, line 1: unreachable code after return statement

###!!! [Child][RunMessage] Error: Channel closing: too late to send/recv, messages will be lost

[Parent 13548, Gecko_IOThread] WARNING: file z:/task_1579288126/build/src/ipc/chromium/src/base/process_util_win.cc, line 160
1590757653156	Marionette	INFO	Stopped listening on port 64644

###!!! [Child][RunMessage] Error: Channel closing: too late to send/recv, messages will be lost


###!!! [Child][MessageChannel::SendAndWait] Error: Channel error: cannot send/recv

1590763982182	mozrunner::runner	INFO	Running command: "C:\\Program Files\\Mozilla Firefox\\firefox.exe" "-marionette" "-headless" "-foreground" "-no-remote" "-profile" "C:\\Users\\mfurk\\AppData\\Local\\Temp\\rust_mozprofile.LVsPGgrzV8LQ"
*** You are running in headless mode.
1590763983211	addons.webextension.doh-rollout@mozilla.org	WARN	Loading extension 'doh-rollout@mozilla.org': Reading manifest: Invalid extension permission: networkStatus
1590763983296	addons.webextension.screenshots@mozilla.org	WARN	Loading extension 'screenshots@mozilla.org': Reading manifest: Invalid extension permission: mozillaAddons
1590763983296	addons.webextension.screenshots@mozilla.org	WARN	Loading extension 'screenshots@mozilla.org': Reading manifest: Invalid extension permission: telemetry
1590763983296	addons.webextension.screenshots@mozilla.org	WARN	Loading extension 'screenshots@mozilla.org': Reading manifest: Invalid extension permission: resource://pdf.js/
1590763983297	addons.webextension.screenshots@mozilla.org	WARN	Loading extension 'screenshots@mozilla.org': Reading manifest: Invalid extension permission: about:reader*
JavaScript error: resource://gre/modules/XULStore.jsm, line 66: Error: Can't find profile directory.
1590763986884	Marionette	INFO	Listening on port 64741
1590763986896	Marionette	WARN	TLS certificate errors will be ignored for this session
JavaScript warning: https://web.whatsapp.com/app.b1e795d21c1883a464b8.js, line 1: unreachable code after return statement
JavaScript warning: https://web.whatsapp.com/app.b1e795d21c1883a464b8.js, line 1: unreachable code after return statement
JavaScript warning: https://web.whatsapp.com/app.b1e795d21c1883a464b8.js, line 1: unreachable code after return statement
JavaScript warning: https://web.whatsapp.com/app.b1e795d21c1883a464b8.js, line 1: unreachable code after return statement
1590764011621	Marionette	INFO	Stopped listening on port 64741
1590764338045	mozrunner::runner	INFO	Running command: "C:\\Program Files\\Mozilla Firefox\\firefox.exe" "-marionette" "-headless" "-foreground" "-no-remote" "-profile" "C:\\Users\\mfurk\\AppData\\Local\\Temp\\rust_mozprofile.53sBqefhhyQ9"
*** You are running in headless mode.
1590764338856	addons.webextension.doh-rollout@mozilla.org	WARN	Loading extension 'doh-rollout@mozilla.org': Reading manifest: Invalid extension permission: networkStatus
1590764338956	addons.webextension.screenshots@mozilla.org	WARN	Loading extension 'screenshots@mozilla.org': Reading manifest: Invalid extension permission: mozillaAddons
1590764338956	addons.webextension.screenshots@mozilla.org	WARN	Loading extension 'screenshots@mozilla.org': Reading manifest: Invalid extension permission: telemetry
1590764338956	addons.webextension.screenshots@mozilla.org	WARN	Loading extension 'screenshots@mozilla.org': Reading manifest: Invalid extension permission: resource://pdf.js/
1590764338956	addons.webextension.screenshots@mozilla.org	WARN	Loading extension 'screenshots@mozilla.org': Reading manifest: Invalid extension permission: about:reader*
JavaScript error: resource://gre/modules/XULStore.jsm, line 66: Error: Can't find profile directory.
1590764340993	Marionette	INFO	Listening on port 64838
1590764341229	Marionette	WARN	TLS certificate errors will be ignored for this session
JavaScript warning: https://web.whatsapp.com/app.b1e795d21c1883a464b8.js, line 1: unreachable code after return statement
JavaScript warning: https://web.whatsapp.com/app.b1e795d21c1883a464b8.js, line 1: unreachable code after return statement
JavaScript warning: https://web.whatsapp.com/app.b1e795d21c1883a464b8.js, line 1: unreachable code after return statement
JavaScript warning: https://web.whatsapp.com/app.b1e795d21c1883a464b8.js, line 1: unreachable code after return statement
1590764368112	Marionette	INFO	Stopped listening on port 64838
1590765418101	mozrunner::runner	INFO	Running command: "C:\\Program Files\\Mozilla Firefox\\firefox.exe" "-marionette" "-foreground" "-no-remote" "-profile" "C:\\Users\\mfurk\\AppData\\Local\\Temp\\rust_mozprofile.QtAH8V4k1ajx"
1590765418730	addons.webextension.doh-rollout@mozilla.org	WARN	Loading extension 'doh-rollout@mozilla.org': Reading manifest: Invalid extension permission: networkStatus
1590765418815	addons.webextension.screenshots@mozilla.org	WARN	Loading extension 'screenshots@mozilla.org': Reading manifest: Invalid extension permission: mozillaAddons
1590765418815	addons.webextension.screenshots@mozilla.org	WARN	Loading extension 'screenshots@mozilla.org': Reading manifest: Invalid extension permission: telemetry
1590765418815	addons.webextension.screenshots@mozilla.org	WARN	Loading extension 'screenshots@mozilla.org': Reading manifest: Invalid extension permission: resource://pdf.js/
1590765418815	addons.webextension.screenshots@mozilla.org	WARN	Loading extension 'screenshots@mozilla.org': Reading manifest: Invalid extension permission: about:reader*
JavaScript error: resource://gre/modules/XULStore.jsm, line 66: Error: Can't find profile directory.
1590765422069	Marionette	INFO	Listening on port 64890
1590765422212	Marionette	WARN	TLS certificate errors will be ignored for this session
JavaScript warning: https://web.whatsapp.com/app.b1e795d21c1883a464b8.js, line 1: unreachable code after return statement
JavaScript warning: https://web.whatsapp.com/app.b1e795d21c1883a464b8.js, line 1: unreachable code after return statement
IPDL protocol error: Handler returned error code!

###!!! [Parent][DispatchAsyncMessage] Error: PMessagePort::Msg_PostMessages Processing error: message was deserialized, but the handler returned false (indicating failure)

JavaScript warning: https://web.whatsapp.com/app.b1e795d21c1883a464b8.js, line 1: unreachable code after return statement
JavaScript warning: https://web.whatsapp.com/app.b1e795d21c1883a464b8.js, line 1: unreachable code after return statement
1590765448603	Marionette	WARN	TimedPromise timed out after 500 ms: stacktrace:
bail@chrome://marionette/content/sync.js:237:64
IPDL protocol error: Handler returned error code!

###!!! [Parent][DispatchAsyncMessage] Error: PMessagePort::Msg_PostMessages Processing error: message was deserialized, but the handler returned false (indicating failure)

JavaScript warning: https://web.whatsapp.com/app.b1e795d21c1883a464b8.js, line 1: unreachable code after return statement
JavaScript warning: https://web.whatsapp.com/app.b1e795d21c1883a464b8.js, line 1: unreachable code after return statement
JavaScript warning: https://web.whatsapp.com/app.b1e795d21c1883a464b8.js, line 1: unreachable code after return statement
JavaScript warning: https://web.whatsapp.com/app.b1e795d21c1883a464b8.js, line 1: unreachable code after return statement
JavaScript warning: https://web.whatsapp.com/app.b1e795d21c1883a464b8.js, line 1: unreachable code after return statement
JavaScript warning: https://web.whatsapp.com/app.b1e795d21c1883a464b8.js, line 1: unreachable code after return statement
1590765477247	Marionette	INFO	Stopped listening on port 64890

###!!! [Child][MessageChannel::SendAndWait] Error: Channel error: cannot send/recv

1590765920517	mozrunner::runner	INFO	Running command: "C:\\Program Files\\Mozilla Firefox\\firefox.exe" "-marionette" "-headless" "-foreground" "-no-remote" "-profile" "C:\\Users\\mfurk\\AppData\\Local\\Temp\\rust_mozprofile.KVylnPd3r5Ou"
*** You are running in headless mode.
1590765921125	addons.webextension.doh-rollout@mozilla.org	WARN	Loading extension 'doh-rollout@mozilla.org': Reading manifest: Invalid extension permission: networkStatus
1590765921226	addons.webextension.screenshots@mozilla.org	WARN	Loading extension 'screenshots@mozilla.org': Reading manifest: Invalid extension permission: mozillaAddons
1590765921226	addons.webextension.screenshots@mozilla.org	WARN	Loading extension 'screenshots@mozilla.org': Reading manifest: Invalid extension permission: telemetry
1590765921226	addons.webextension.screenshots@mozilla.org	WARN	Loading extension 'screenshots@mozilla.org': Reading manifest: Invalid extension permission: resource://pdf.js/
1590765921226	addons.webextension.screenshots@mozilla.org	WARN	Loading extension 'screenshots@mozilla.org': Reading manifest: Invalid extension permission: about:reader*
JavaScript error: resource://gre/modules/XULStore.jsm, line 66: Error: Can't find profile directory.
1590765924034	Marionette	INFO	Listening on port 64971
1590765924128	Marionette	WARN	TLS certificate errors will be ignored for this session
JavaScript warning: https://web.whatsapp.com/app.b1e795d21c1883a464b8.js, line 1: unreachable code after return statement
JavaScript warning: https://web.whatsapp.com/app.b1e795d21c1883a464b8.js, line 1: unreachable code after return statement
IPDL protocol error: Handler returned error code!

###!!! [Parent][DispatchAsyncMessage] Error: PMessagePort::Msg_PostMessages Processing error: message was deserialized, but the handler returned false (indicating failure)

JavaScript warning: https://web.whatsapp.com/app.b1e795d21c1883a464b8.js, line 1: unreachable code after return statement
JavaScript warning: https://web.whatsapp.com/app.b1e795d21c1883a464b8.js, line 1: unreachable code after return statement
IPDL protocol error: Handler returned error code!

###!!! [Parent][DispatchAsyncMessage] Error: PMessagePort::Msg_PostMessages Processing error: message was deserialized, but the handler returned false (indicating failure)

JavaScript warning: https://web.whatsapp.com/app.b1e795d21c1883a464b8.js, line 1: unreachable code after return statement
JavaScript warning: https://web.whatsapp.com/app.b1e795d21c1883a464b8.js, line 1: unreachable code after return statement
JavaScript warning: https://web.whatsapp.com/app.b1e795d21c1883a464b8.js, line 1: unreachable code after return statement
JavaScript warning: https://web.whatsapp.com/app.b1e795d21c1883a464b8.js, line 1: unreachable code after return statement
JavaScript warning: https://web.whatsapp.com/app.b1e795d21c1883a464b8.js, line 1: unreachable code after return statement
JavaScript warning: https://web.whatsapp.com/app.b1e795d21c1883a464b8.js, line 1: unreachable code after return statement
1590765975692	Marionette	INFO	Stopped listening on port 64971
1590766669209	mozrunner::runner	INFO	Running command: "C:\\Program Files\\Mozilla Firefox\\firefox.exe" "-marionette" "-headless" "-foreground" "-no-remote" "-profile" "C:\\Users\\mfurk\\AppData\\Local\\Temp\\rust_mozprofile.NkjwjTFpfsPy"
*** You are running in headless mode.
1590766669864	addons.webextension.doh-rollout@mozilla.org	WARN	Loading extension 'doh-rollout@mozilla.org': Reading manifest: Invalid extension permission: networkStatus
1590766669959	addons.webextension.screenshots@mozilla.org	WARN	Loading extension 'screenshots@mozilla.org': Reading manifest: Invalid extension permission: mozillaAddons
1590766669959	addons.webextension.screenshots@mozilla.org	WARN	Loading extension 'screenshots@mozilla.org': Reading manifest: Invalid extension permission: telemetry
1590766669959	addons.webextension.screenshots@mozilla.org	WARN	Loading extension 'screenshots@mozilla.org': Reading manifest: Invalid extension permission: resource://pdf.js/
1590766669960	addons.webextension.screenshots@mozilla.org	WARN	Loading extension 'screenshots@mozilla.org': Reading manifest: Invalid extension permission: about:reader*
JavaScript error: resource://gre/modules/XULStore.jsm, line 66: Error: Can't find profile directory.
1590766672311	Marionette	INFO	Listening on port 63149
1590766672324	Marionette	WARN	TLS certificate errors will be ignored for this session
JavaScript warning: https://web.whatsapp.com/app.b1e795d21c1883a464b8.js, line 1: unreachable code after return statement
JavaScript warning: https://web.whatsapp.com/app.b1e795d21c1883a464b8.js, line 1: unreachable code after return statement
1590766735509	mozrunner::runner	INFO	Running command: "C:\\Program Files\\Mozilla Firefox\\firefox.exe" "-marionette" "-headless" "-foreground" "-no-remote" "-profile" "C:\\Users\\mfurk\\AppData\\Local\\Temp\\rust_mozprofile.b4wYi6DvhLQd"
*** You are running in headless mode.
1590766736392	addons.webextension.doh-rollout@mozilla.org	WARN	Loading extension 'doh-rollout@mozilla.org': Reading manifest: Invalid extension permission: networkStatus
1590766736479	addons.webextension.screenshots@mozilla.org	WARN	Loading extension 'screenshots@mozilla.org': Reading manifest: Invalid extension permission: mozillaAddons
1590766736480	addons.webextension.screenshots@mozilla.org	WARN	Loading extension 'screenshots@mozilla.org': Reading manifest: Invalid extension permission: telemetry
1590766736480	addons.webextension.screenshots@mozilla.org	WARN	Loading extension 'screenshots@mozilla.org': Reading manifest: Invalid extension permission: resource://pdf.js/
1590766736480	addons.webextension.screenshots@mozilla.org	WARN	Loading extension 'screenshots@mozilla.org': Reading manifest: Invalid extension permission: about:reader*
JavaScript error: resource://gre/modules/XULStore.jsm, line 66: Error: Can't find profile directory.
1590766738669	Marionette	INFO	Listening on port 63192
1590766739121	Marionette	WARN	TLS certificate errors will be ignored for this session
JavaScript warning: https://web.whatsapp.com/app.b1e795d21c1883a464b8.js, line 1: unreachable code after return statement
JavaScript warning: https://web.whatsapp.com/app.b1e795d21c1883a464b8.js, line 1: unreachable code after return statement
JavaScript warning: https://web.whatsapp.com/app.b1e795d21c1883a464b8.js, line 1: unreachable code after return statement
JavaScript warning: https://web.whatsapp.com/app.b1e795d21c1883a464b8.js, line 1: unreachable code after return statement
JavaScript warning: https://web.whatsapp.com/app.b1e795d21c1883a464b8.js, line 1: unreachable code after return statement
JavaScript warning: https://web.whatsapp.com/app.b1e795d21c1883a464b8.js, line 1: unreachable code after return statement
JavaScript warning: https://web.whatsapp.com/app.b1e795d21c1883a464b8.js, line 1: unreachable code after return statement
JavaScript warning: https://web.whatsapp.com/app.b1e795d21c1883a464b8.js, line 1: unreachable code after return statement
1590766789788	Marionette	INFO	Stopped listening on port 63192
1590766920485	mozrunner::runner	INFO	Running command: "C:\\Program Files\\Mozilla Firefox\\firefox.exe" "-marionette" "-headless" "-foreground" "-no-remote" "-profile" "C:\\Users\\mfurk\\AppData\\Local\\Temp\\rust_mozprofile.EDBXELm7IbSH"
*** You are running in headless mode.
1590766922995	addons.webextension.doh-rollout@mozilla.org	WARN	Loading extension 'doh-rollout@mozilla.org': Reading manifest: Invalid extension permission: networkStatus
1590766923103	addons.webextension.screenshots@mozilla.org	WARN	Loading extension 'screenshots@mozilla.org': Reading manifest: Invalid extension permission: mozillaAddons
1590766923125	addons.webextension.screenshots@mozilla.org	WARN	Loading extension 'screenshots@mozilla.org': Reading manifest: Invalid extension permission: telemetry
1590766923125	addons.webextension.screenshots@mozilla.org	WARN	Loading extension 'screenshots@mozilla.org': Reading manifest: Invalid extension permission: resource://pdf.js/
1590766923125	addons.webextension.screenshots@mozilla.org	WARN	Loading extension 'screenshots@mozilla.org': Reading manifest: Invalid extension permission: about:reader*
JavaScript error: resource://gre/modules/XULStore.jsm, line 66: Error: Can't find profile directory.
1590766925587	Marionette	INFO	Listening on port 63253
1590766925944	Marionette	WARN	TLS certificate errors will be ignored for this session
JavaScript warning: https://web.whatsapp.com/app.b1e795d21c1883a464b8.js, line 1: unreachable code after return statement
JavaScript warning: https://web.whatsapp.com/app.b1e795d21c1883a464b8.js, line 1: unreachable code after return statement
JavaScript warning: https://web.whatsapp.com/app.b1e795d21c1883a464b8.js, line 1: unreachable code after return statement
JavaScript warning: https://web.whatsapp.com/app.b1e795d21c1883a464b8.js, line 1: unreachable code after return statement
JavaScript warning: https://web.whatsapp.com/app.b1e795d21c1883a464b8.js, line 1: unreachable code after return statement
JavaScript warning: https://web.whatsapp.com/app.b1e795d21c1883a464b8.js, line 1: unreachable code after return statement
IPDL protocol error: Handler returned error code!

###!!! [Parent][DispatchAsyncMessage] Error: PMessagePort::Msg_PostMessages Processing error: message was deserialized, but the handler returned false (indicating failure)

JavaScript warning: https://web.whatsapp.com/app.b1e795d21c1883a464b8.js, line 1: unreachable code after return statement
JavaScript warning: https://web.whatsapp.com/app.b1e795d21c1883a464b8.js, line 1: unreachable code after return statement
IPDL protocol error: Handler returned error code!

###!!! [Parent][DispatchAsyncMessage] Error: PMessagePort::Msg_PostMessages Processing error: message was deserialized, but the handler returned false (indicating failure)

JavaScript warning: https://web.whatsapp.com/app.b1e795d21c1883a464b8.js, line 1: unreachable code after return statement
JavaScript warning: https://web.whatsapp.com/app.b1e795d21c1883a464b8.js, line 1: unreachable code after return statement
1590766976825	Marionette	INFO	Stopped listening on port 63253
1590767036997	mozrunner::runner	INFO	Running command: "C:\\Program Files\\Mozilla Firefox\\firefox.exe" "-marionette" "-headless" "-foreground" "-no-remote" "-profile" "C:\\Users\\mfurk\\AppData\\Local\\Temp\\rust_mozprofile.SronUsRVCy5l"
*** You are running in headless mode.
1590767037529	addons.webextension.doh-rollout@mozilla.org	WARN	Loading extension 'doh-rollout@mozilla.org': Reading manifest: Invalid extension permission: networkStatus
1590767037612	addons.webextension.screenshots@mozilla.org	WARN	Loading extension 'screenshots@mozilla.org': Reading manifest: Invalid extension permission: mozillaAddons
1590767037612	addons.webextension.screenshots@mozilla.org	WARN	Loading extension 'screenshots@mozilla.org': Reading manifest: Invalid extension permission: telemetry
1590767037612	addons.webextension.screenshots@mozilla.org	WARN	Loading extension 'screenshots@mozilla.org': Reading manifest: Invalid extension permission: resource://pdf.js/
1590767037612	addons.webextension.screenshots@mozilla.org	WARN	Loading extension 'screenshots@mozilla.org': Reading manifest: Invalid extension permission: about:reader*
JavaScript error: resource://gre/modules/XULStore.jsm, line 66: Error: Can't find profile directory.
1590767039682	Marionette	INFO	Listening on port 63303
1590767040108	Marionette	WARN	TLS certificate errors will be ignored for this session
JavaScript warning: https://web.whatsapp.com/app.b1e795d21c1883a464b8.js, line 1: unreachable code after return statement
JavaScript warning: https://web.whatsapp.com/app.b1e795d21c1883a464b8.js, line 1: unreachable code after return statement
JavaScript warning: https://web.whatsapp.com/app.b1e795d21c1883a464b8.js, line 1: unreachable code after return statement
JavaScript warning: https://web.whatsapp.com/app.b1e795d21c1883a464b8.js, line 1: unreachable code after return statement
IPDL protocol error: Handler returned error code!

###!!! [Parent][DispatchAsyncMessage] Error: PMessagePort::Msg_PostMessages Processing error: message was deserialized, but the handler returned false (indicating failure)

JavaScript warning: https://web.whatsapp.com/app.b1e795d21c1883a464b8.js, line 1: unreachable code after return statement
JavaScript warning: https://web.whatsapp.com/app.b1e795d21c1883a464b8.js, line 1: unreachable code after return statement
IPDL protocol error: Handler returned error code!

###!!! [Parent][DispatchAsyncMessage] Error: PMessagePort::Msg_PostMessages Processing error: message was deserialized, but the handler returned false (indicating failure)

JavaScript warning: https://web.whatsapp.com/app.b1e795d21c1883a464b8.js, line 1: unreachable code after return statement
JavaScript warning: https://web.whatsapp.com/app.b1e795d21c1883a464b8.js, line 1: unreachable code after return statement
JavaScript warning: https://web.whatsapp.com/app.b1e795d21c1883a464b8.js, line 1: unreachable code after return statement
JavaScript warning: https://web.whatsapp.com/app.b1e795d21c1883a464b8.js, line 1: unreachable code after return statement
1590767089731	Marionette	INFO	Stopped listening on port 63303
