DEBUG:urllib3.connectionpool:Starting new HTTPS connection (1): github.com:443
DEBUG:urllib3.connectionpool:https://github.com:443 "GET /MFurkan41/WhatsCompRepo/raw/master/version.txt HTTP/1.1" 302 142
DEBUG:urllib3.connectionpool:Starting new HTTPS connection (1): raw.githubusercontent.com:443
DEBUG:urllib3.connectionpool:https://raw.githubusercontent.com:443 "GET /MFurkan41/WhatsCompRepo/master/version.txt HTTP/1.1" 200 210
DEBUG:urllib3.connectionpool:Starting new HTTPS connection (1): github.com:443
DEBUG:urllib3.connectionpool:https://github.com:443 "GET /MFurkan41/WhatsCompRepo/raw/master/version.txt HTTP/1.1" 302 142
DEBUG:urllib3.connectionpool:Starting new HTTPS connection (1): raw.githubusercontent.com:443
DEBUG:urllib3.connectionpool:https://raw.githubusercontent.com:443 "GET /MFurkan41/WhatsCompRepo/master/version.txt HTTP/1.1" 200 210
DEBUG:urllib3.connectionpool:Starting new HTTPS connection (1): github.com:443
DEBUG:urllib3.connectionpool:https://github.com:443 "GET /MFurkan41/WhatsCompRepo/raw/master/version.txt HTTP/1.1" 302 142
DEBUG:urllib3.connectionpool:Starting new HTTPS connection (1): raw.githubusercontent.com:443
DEBUG:urllib3.connectionpool:https://raw.githubusercontent.com:443 "GET /MFurkan41/WhatsCompRepo/master/version.txt HTTP/1.1" 200 210
DEBUG:urllib3.connectionpool:Starting new HTTP connection (1): myolal80.pythonanywhere.com:80
DEBUG:urllib3.connectionpool:http://myolal80.pythonanywhere.com:80 "GET /wp/_%5B'12345'%5D_ HTTP/1.1" 200 None
DEBUG:urllib3.connectionpool:Starting new HTTP connection (1): myolal80.pythonanywhere.com:80
DEBUG:urllib3.connectionpool:http://myolal80.pythonanywhere.com:80 "GET /wp/_12345_ HTTP/1.1" 200 None
DEBUG:urllib3.connectionpool:Starting new HTTPS connection (1): github.com:443
DEBUG:urllib3.connectionpool:https://github.com:443 "GET /MFurkan41/WhatsCompRepo/raw/master/version.txt HTTP/1.1" 302 142
DEBUG:urllib3.connectionpool:Starting new HTTPS connection (1): raw.githubusercontent.com:443
DEBUG:urllib3.connectionpool:https://raw.githubusercontent.com:443 "GET /MFurkan41/WhatsCompRepo/master/version.txt HTTP/1.1" 200 210
DEBUG:urllib3.connectionpool:Starting new HTTPS connection (1): github.com:443
DEBUG:urllib3.connectionpool:https://github.com:443 "GET /mozilla/geckodriver/releases/download/v0.26.0/geckodriver-v0.26.0-win64.zip HTTP/1.1" 302 640
DEBUG:urllib3.connectionpool:Starting new HTTPS connection (1): github-production-release-asset-2e65be.s3.amazonaws.com:443
DEBUG:urllib3.connectionpool:https://github-production-release-asset-2e65be.s3.amazonaws.com:443 "GET /25354393/fb04d600-ecd8-11e9-8592-0da58c43e5b2?X-Amz-Algorithm=AWS4-HMAC-SHA256&X-Amz-Credential=AKIAIWNJYAX4CSVEH53A%2F20200711%2Fus-east-1%2Fs3%2Faws4_request&X-Amz-Date=20200711T163645Z&X-Amz-Expires=300&X-Amz-Signature=0f61692b6aad0b9da3e1ba7959a746f5939e215f0f80e7ff32f58303e85d6857&X-Amz-SignedHeaders=host&actor_id=0&repo_id=25354393&response-content-disposition=attachment%3B%20filename%3Dgeckodriver-v0.26.0-win64.zip&response-content-type=application%2Foctet-stream HTTP/1.1" 200 1532274
DEBUG:urllib3.connectionpool:Starting new HTTPS connection (1): github.com:443
DEBUG:urllib3.connectionpool:https://github.com:443 "GET /mozilla/geckodriver/releases/download/v0.26.0/geckodriver-v0.26.0-win64.zip HTTP/1.1" 302 640
DEBUG:urllib3.connectionpool:Starting new HTTPS connection (1): github-production-release-asset-2e65be.s3.amazonaws.com:443
DEBUG:urllib3.connectionpool:https://github-production-release-asset-2e65be.s3.amazonaws.com:443 "GET /25354393/fb04d600-ecd8-11e9-8592-0da58c43e5b2?X-Amz-Algorithm=AWS4-HMAC-SHA256&X-Amz-Credential=AKIAIWNJYAX4CSVEH53A%2F20200711%2Fus-east-1%2Fs3%2Faws4_request&X-Amz-Date=20200711T163645Z&X-Amz-Expires=300&X-Amz-Signature=0f61692b6aad0b9da3e1ba7959a746f5939e215f0f80e7ff32f58303e85d6857&X-Amz-SignedHeaders=host&actor_id=0&repo_id=25354393&response-content-disposition=attachment%3B%20filename%3Dgeckodriver-v0.26.0-win64.zip&response-content-type=application%2Foctet-stream HTTP/1.1" 200 1532274
DEBUG:urllib3.connectionpool:Starting new HTTPS connection (1): github.com:443
DEBUG:urllib3.connectionpool:https://github.com:443 "GET /MFurkan41/WhatsCompRepo/raw/master/version.txt HTTP/1.1" 302 142
DEBUG:urllib3.connectionpool:Starting new HTTPS connection (1): raw.githubusercontent.com:443
DEBUG:urllib3.connectionpool:https://raw.githubusercontent.com:443 "GET /MFurkan41/WhatsCompRepo/master/version.txt HTTP/1.1" 200 210
DEBUG:urllib3.connectionpool:Starting new HTTP connection (1): myolal80.pythonanywhere.com:80
DEBUG:urllib3.connectionpool:http://myolal80.pythonanywhere.com:80 "GET /wp/_12345_ HTTP/1.1" 200 None
DEBUG:urllib3.connectionpool:Starting new HTTP connection (1): myolal80.pythonanywhere.com:80
DEBUG:urllib3.connectionpool:http://myolal80.pythonanywhere.com:80 "GET /wp/_12345_ HTTP/1.1" 200 None
DEBUG:urllib3.connectionpool:Starting new HTTPS connection (1): github.com:443
DEBUG:urllib3.connectionpool:https://github.com:443 "GET /MFurkan41/WhatsCompRepo/raw/master/version.txt HTTP/1.1" 302 142
DEBUG:urllib3.connectionpool:Starting new HTTPS connection (1): raw.githubusercontent.com:443
DEBUG:urllib3.connectionpool:https://raw.githubusercontent.com:443 "GET /MFurkan41/WhatsCompRepo/master/version.txt HTTP/1.1" 200 210
DEBUG:urllib3.connectionpool:Starting new HTTPS connection (1): github.com:443
DEBUG:urllib3.connectionpool:https://github.com:443 "GET /MFurkan41/WhatsCompRepo/raw/master/version.txt HTTP/1.1" 302 142
DEBUG:urllib3.connectionpool:Starting new HTTPS connection (1): raw.githubusercontent.com:443
DEBUG:urllib3.connectionpool:https://raw.githubusercontent.com:443 "GET /MFurkan41/WhatsCompRepo/master/version.txt HTTP/1.1" 200 210
DEBUG:urllib3.connectionpool:Starting new HTTPS connection (1): github.com:443
DEBUG:urllib3.connectionpool:https://github.com:443 "GET /MFurkan41/WhatsCompRepo/raw/master/version.txt HTTP/1.1" 302 142
DEBUG:urllib3.connectionpool:Starting new HTTPS connection (1): raw.githubusercontent.com:443
DEBUG:urllib3.connectionpool:https://raw.githubusercontent.com:443 "GET /MFurkan41/WhatsCompRepo/master/version.txt HTTP/1.1" 200 210
DEBUG:urllib3.connectionpool:Starting new HTTPS connection (1): github.com:443
DEBUG:urllib3.connectionpool:https://github.com:443 "GET /MFurkan41/WhatsCompRepo/raw/master/version.txt HTTP/1.1" 302 142
DEBUG:urllib3.connectionpool:Starting new HTTPS connection (1): raw.githubusercontent.com:443
DEBUG:urllib3.connectionpool:https://raw.githubusercontent.com:443 "GET /MFurkan41/WhatsCompRepo/master/version.txt HTTP/1.1" 200 210
DEBUG:urllib3.connectionpool:Starting new HTTPS connection (1): github.com:443
DEBUG:urllib3.connectionpool:https://github.com:443 "GET /MFurkan41/WhatsCompRepo/raw/master/version.txt HTTP/1.1" 302 142
DEBUG:urllib3.connectionpool:Starting new HTTPS connection (1): raw.githubusercontent.com:443
DEBUG:urllib3.connectionpool:https://raw.githubusercontent.com:443 "GET /MFurkan41/WhatsCompRepo/master/version.txt HTTP/1.1" 200 210
DEBUG:urllib3.connectionpool:Starting new HTTP connection (1): myolal80.pythonanywhere.com:80
DEBUG:urllib3.connectionpool:http://myolal80.pythonanywhere.com:80 "GET /wp/_12345_ HTTP/1.1" 200 None
DEBUG:urllib3.connectionpool:Starting new HTTPS connection (1): github.com:443
DEBUG:urllib3.connectionpool:https://github.com:443 "GET /MFurkan41/WhatsCompRepo/raw/master/version.txt HTTP/1.1" 302 142
DEBUG:urllib3.connectionpool:Starting new HTTPS connection (1): raw.githubusercontent.com:443
DEBUG:urllib3.connectionpool:https://raw.githubusercontent.com:443 "GET /MFurkan41/WhatsCompRepo/master/version.txt HTTP/1.1" 200 210
DEBUG:urllib3.connectionpool:Starting new HTTPS connection (1): github.com:443
DEBUG:urllib3.connectionpool:https://github.com:443 "GET /MFurkan41/WhatsCompRepo/raw/master/version.txt HTTP/1.1" 302 142
DEBUG:urllib3.connectionpool:Starting new HTTPS connection (1): raw.githubusercontent.com:443
DEBUG:urllib3.connectionpool:https://raw.githubusercontent.com:443 "GET /MFurkan41/WhatsCompRepo/master/version.txt HTTP/1.1" 200 210
DEBUG:urllib3.connectionpool:Starting new HTTPS connection (1): github.com:443
DEBUG:urllib3.connectionpool:https://github.com:443 "GET /MFurkan41/WhatsCompRepo/raw/master/version.txt HTTP/1.1" 302 142
DEBUG:urllib3.connectionpool:Starting new HTTPS connection (1): raw.githubusercontent.com:443
DEBUG:urllib3.connectionpool:https://raw.githubusercontent.com:443 "GET /MFurkan41/WhatsCompRepo/master/version.txt HTTP/1.1" 200 238
2020-07-12 11:53:17,269 - Starting new HTTPS connection (1): github.com:443
2020-07-12 11:53:17,682 - https://github.com:443 "GET /MFurkan41/WhatsCompRepo/raw/master/version.txt HTTP/1.1" 302 142
2020-07-12 11:53:17,684 - Starting new HTTPS connection (1): raw.githubusercontent.com:443
2020-07-12 11:53:18,100 - https://raw.githubusercontent.com:443 "GET /MFurkan41/WhatsCompRepo/master/version.txt HTTP/1.1" 200 238
2020-07-12 11:54:50,729 - Starting new HTTPS connection (1): github.com:443
2020-07-12 11:54:51,121 - https://github.com:443 "GET /MFurkan41/WhatsCompRepo/raw/master/version.txt HTTP/1.1" 302 142
2020-07-12 11:54:51,123 - Starting new HTTPS connection (1): raw.githubusercontent.com:443
2020-07-12 11:54:51,768 - https://raw.githubusercontent.com:443 "GET /MFurkan41/WhatsCompRepo/master/version.txt HTTP/1.1" 200 238
2020-07-12 11:55:01,202 - Starting new HTTPS connection (1): github.com:443
2020-07-12 11:55:01,405 - https://github.com:443 "GET /MFurkan41/WhatsCompRepo/raw/master/version.txt HTTP/1.1" 302 142
2020-07-12 11:55:01,407 - Starting new HTTPS connection (1): raw.githubusercontent.com:443
2020-07-12 11:55:01,601 - https://raw.githubusercontent.com:443 "GET /MFurkan41/WhatsCompRepo/master/version.txt HTTP/1.1" 200 238
